#
# There is insufficient memory for the Java Runtime Environment to continue.
# Native memory allocation (mmap) failed to map 264241152 bytes. Error detail: G1 virtual space
# Possible reasons:
#   The system is out of physical RAM or swap space
#   This process is running with CompressedOops enabled, and the Java Heap may be blocking the growth of the native heap
# Possible solutions:
#   Reduce memory load on the system
#   Increase physical memory or swap space
#   Check if swap backing store is full
#   Decrease Java heap size (-Xmx/-Xms)
#   Decrease number of Java threads
#   Decrease Java thread stack sizes (-Xss)
#   Set larger code cache with -XX:ReservedCodeCacheSize=
#   JVM is running with Zero Based Compressed Oops mode in which the Java heap is
#     placed in the first 32GB address space. The Java Heap base address is the
#     maximum limit for the native heap growth. Please use -XX:HeapBaseMinAddress
#     to set the Java Heap base and to place the Java Heap above 32GB virtual address.
# This output file may be truncated or incomplete.
#
#  Out of Memory Error (os_windows.cpp:3703), pid=20264, tid=2656
#
# JRE version:  (23.0+37) (build )
# Java VM: Java HotSpot(TM) 64-Bit Server VM (23+37-2369, mixed mode, sharing, tiered, compressed oops, compressed class ptrs, g1 gc, windows-amd64)
# No core dump will be written. Minidumps are not enabled by default on client versions of Windows
#

---------------  S U M M A R Y ------------

Command Line: -Dfile.encoding=UTF-8 -Dstdout.encoding=UTF-8 -Dstderr.encoding=UTF-8 --module-path=D:\wiproTNP\oopsandinheritence\bin -XX:+ShowCodeDetailsInExceptionMessages -Djdk.module.main=oopsandinheritence oopsandinheritence/oopsandinheritence.Palindrome madam

Host: 13th Gen Intel(R) Core(TM) i5-1334U, 12 cores, 15G,  Windows 11 , 64 bit Build 26100 (10.0.26100.6725)
Time: Sat Jul 11 17:13:06 2026 India Standard Time elapsed time: 0.026637 seconds (0d 0h 0m 0s)

---------------  T H R E A D  ---------------

Current thread (0x0000016b3883e3d0):  JavaThread "Unknown thread" [_thread_in_vm, id=2656, stack(0x0000003300800000,0x0000003300900000) (1024K)]

Stack: [0x0000003300800000,0x0000003300900000]
Native frames: (J=compiled Java code, j=interpreted, Vv=VM code, C=native code)
V  [jvm.dll+0x6e08a9]  (no source info available)
V  [jvm.dll+0x87da63]  (no source info available)
V  [jvm.dll+0x87feee]  (no source info available)
V  [jvm.dll+0x8805c3]  (no source info available)
V  [jvm.dll+0x27aee6]  (no source info available)
V  [jvm.dll+0x6dd1b5]  (no source info available)
V  [jvm.dll+0x6d103a]  (no source info available)
V  [jvm.dll+0x35b3ea]  (no source info available)
V  [jvm.dll+0x3637f6]  (no source info available)
V  [jvm.dll+0x34fd5e]  (no source info available)
V  [jvm.dll+0x34fff8]  (no source info available)
V  [jvm.dll+0x3289cc]  (no source info available)
V  [jvm.dll+0x32966e]  (no source info available)
V  [jvm.dll+0x8442e5]  (no source info available)
V  [jvm.dll+0x3b9848]  (no source info available)
V  [jvm.dll+0x82d0dc]  (no source info available)
V  [jvm.dll+0x454d4e]  (no source info available)
V  [jvm.dll+0x456bd1]  (no source info available)
C  [jli.dll+0x52a3]  (no source info available)
C  [ucrtbase.dll+0x37b0]  (no source info available)
C  [KERNEL32.DLL+0x2e8d7]  (no source info available)
C  [ntdll.dll+0x8c53c]  (no source info available)

Lock stack of current Java thread (top to bottom):


---------------  P R O C E S S  ---------------

Threads class SMR info:
_java_thread_list=0x00007fff70b13618, length=0, elements={
}

Java Threads: ( => current thread )
Total: 0

Other Threads:
  0x0000016b3a40e5b0 WorkerThread "GC Thread#0"                     [id=27480, stack(0x0000003300900000,0x0000003300a00000) (1024K)]
  0x0000016b3a422fd0 ConcurrentGCThread "G1 Main Marker"            [id=3100, stack(0x0000003300a00000,0x0000003300b00000) (1024K)]
  0x0000016b3a4251a0 WorkerThread "G1 Conc#0"                       [id=10472, stack(0x0000003300b00000,0x0000003300c00000) (1024K)]

[error occurred during error reporting (printing all threads), id 0xc0000005, EXCEPTION_ACCESS_VIOLATION (0xc0000005) at pc=0x00007fff7025bfba]
VM state: not at safepoint (not fully initialized)

VM Mutex/Monitor currently owned by a thread:  ([mutex/lock_event])
[0x00007fff70b93a10] Heap_lock - owner thread: 0x0000016b3883e3d0

Heap address: 0x0000000704e00000, size: 4018 MB, Compressed Oops mode: Zero based, Oop shift amount: 3

CDS archive(s) mapped at: [0x0000000000000000-0x0000000000000000-0x0000000000000000), size 0, SharedBaseAddress: 0x0000000800000000, ArchiveRelocationMode: 1.
Narrow klass base: 0x0000000000000000, Narrow klass shift: 0, Narrow klass range: 0x0

GC Precious Log:
 CardTable entry size: 512
 Card Set container configuration: InlinePtr #cards 4 size 8 Array Of Cards #cards 16 size 48 Howl #buckets 8 coarsen threshold 3686 Howl Bitmap #cards 512 size 80 coarsen threshold 460 Card regions per heap region 1 cards per card region 4096

Heap:
 garbage-first heap   total reserved 4114432K, committed 0K, used 0K [0x0000000704e00000, 0x0000000800000000)
  region size 2048K, 0 young (0K), 0 survivors (0K)

[error occurred during error reporting (printing heap information), id 0xc0000005, EXCEPTION_ACCESS_VIOLATION (0xc0000005) at pc=0x00007fff7065c3b9]
GC Heap History (0 events):
No events

Dll operation events (1 events):
Event: 0.019 Loaded shared library C:\Program Files\Java\jdk-23\bin\java.dll

Deoptimization events (0 events):
No events

Classes loaded (0 events):
No events

Classes unloaded (0 events):
No events

Classes redefined (0 events):
No events

Internal exceptions (0 events):
No events

VM Operations (0 events):
No events

Memory protections (0 events):
No events

Nmethod flushes (0 events):
No events

Events (0 events):
No events


Dynamic libraries:
0x00007ff6323b0000 - 0x00007ff6323c0000 	C:\Program Files\Java\jdk-23\bin\javaw.exe
0x00007ff81b020000 - 0x00007ff81b288000 	C:\WINDOWS\SYSTEM32\ntdll.dll
0x00007ff819120000 - 0x00007ff8191e9000 	C:\WINDOWS\System32\KERNEL32.DLL
0x00007ff818740000 - 0x00007ff818b32000 	C:\WINDOWS\System32\KERNELBASE.dll
0x00007ff8181b0000 - 0x00007ff8182fb000 	C:\WINDOWS\System32\ucrtbase.dll
0x00007ff801b60000 - 0x00007ff801b77000 	C:\Program Files\Java\jdk-23\bin\jli.dll
0x00007ff801b80000 - 0x00007ff801b9b000 	C:\Program Files\Java\jdk-23\bin\VCRUNTIME140.dll
0x00007ff81a670000 - 0x00007ff81a835000 	C:\WINDOWS\System32\USER32.dll
0x00007ffffd4e0000 - 0x00007ffffd773000 	C:\WINDOWS\WinSxS\amd64_microsoft.windows.common-controls_6595b64144ccf1df_6.0.26100.6899_none_3e0efeeae32e88c1\COMCTL32.dll
0x00007ff818670000 - 0x00007ff818697000 	C:\WINDOWS\System32\win32u.dll
0x00007ff81ad70000 - 0x00007ff81ad9b000 	C:\WINDOWS\System32\GDI32.dll
0x00007ff818f70000 - 0x00007ff819019000 	C:\WINDOWS\System32\msvcrt.dll
0x00007ff818300000 - 0x00007ff81842d000 	C:\WINDOWS\System32\gdi32full.dll
0x00007ff818d40000 - 0x00007ff818de3000 	C:\WINDOWS\System32\msvcp_win.dll
0x00007ff81ab50000 - 0x00007ff81ab7f000 	C:\WINDOWS\System32\IMM32.DLL
0x00007fffdd600000 - 0x00007fffdd60c000 	C:\Program Files\Java\jdk-23\bin\vcruntime140_1.dll
0x00007fff86610000 - 0x00007fff8669e000 	C:\Program Files\Java\jdk-23\bin\msvcp140.dll
0x00007fff6ff20000 - 0x00007fff70c6f000 	C:\Program Files\Java\jdk-23\bin\server\jvm.dll
0x00007ff8196e0000 - 0x00007ff819794000 	C:\WINDOWS\System32\ADVAPI32.dll
0x00007ff819630000 - 0x00007ff8196d6000 	C:\WINDOWS\System32\sechost.dll
0x00007ff81aec0000 - 0x00007ff81afd8000 	C:\WINDOWS\System32\RPCRT4.dll
0x00007ff818e70000 - 0x00007ff818ee4000 	C:\WINDOWS\System32\WS2_32.dll
0x00007ff818010000 - 0x00007ff81806e000 	C:\WINDOWS\SYSTEM32\POWRPROF.dll
0x00007ff80f670000 - 0x00007ff80f6a5000 	C:\WINDOWS\SYSTEM32\WINMM.dll
0x00007ff8004d0000 - 0x00007ff8004db000 	C:\WINDOWS\SYSTEM32\VERSION.dll
0x00007ff817ff0000 - 0x00007ff818004000 	C:\WINDOWS\SYSTEM32\UMPDC.dll
0x00007ff816f80000 - 0x00007ff816f9b000 	C:\WINDOWS\SYSTEM32\kernel.appcore.dll
0x00007ff8151e0000 - 0x00007ff8151ea000 	C:\Program Files\Java\jdk-23\bin\jimage.dll
0x00007ffffd8e0000 - 0x00007ffffdb22000 	C:\WINDOWS\SYSTEM32\DBGHELP.DLL
0x00007ff8191f0000 - 0x00007ff81956b000 	C:\WINDOWS\System32\combase.dll
0x00007ff819980000 - 0x00007ff819a57000 	C:\WINDOWS\System32\OLEAUT32.dll
0x00007ff8119f0000 - 0x00007ff811a2c000 	C:\WINDOWS\SYSTEM32\dbgcore.DLL
0x00007ff8186a0000 - 0x00007ff818738000 	C:\WINDOWS\System32\bcryptPrimitives.dll
0x00007ff8151c0000 - 0x00007ff8151de000 	C:\Program Files\Java\jdk-23\bin\java.dll
0x00007ff81a840000 - 0x00007ff81a9d8000 	C:\WINDOWS\System32\ole32.dll
0x00007ff819a60000 - 0x00007ff81a1ad000 	C:\WINDOWS\System32\SHELL32.dll
0x00007ff818b40000 - 0x00007ff818cab000 	C:\WINDOWS\System32\wintypes.dll

dbghelp: loaded successfully - version: 4.0.5 - missing functions: none
symbol engine: initialized successfully - sym options: 0x614 - pdb path: .;C:\Program Files\Java\jdk-23\bin;C:\WINDOWS\SYSTEM32;C:\WINDOWS\WinSxS\amd64_microsoft.windows.common-controls_6595b64144ccf1df_6.0.26100.6899_none_3e0efeeae32e88c1;C:\Program Files\Java\jdk-23\bin\server

VM Arguments:
jvm_args: -Dfile.encoding=UTF-8 -Dstdout.encoding=UTF-8 -Dstderr.encoding=UTF-8 --module-path=D:\wiproTNP\oopsandinheritence\bin -XX:+ShowCodeDetailsInExceptionMessages -Djdk.module.main=oopsandinheritence 
java_command: oopsandinheritence/oopsandinheritence.Palindrome madam
java_class_path (initial): <not set>
Launcher Type: SUN_STANDARD

[Global flags]
     intx CICompilerCount                          = 4                                         {product} {ergonomic}
     uint ConcGCThreads                            = 3                                         {product} {ergonomic}
     uint G1ConcRefinementThreads                  = 10                                        {product} {ergonomic}
   size_t G1HeapRegionSize                         = 2097152                                   {product} {ergonomic}
   size_t InitialHeapSize                          = 264241152                                 {product} {ergonomic}
   size_t MarkStackSize                            = 4194304                                   {product} {ergonomic}
   size_t MarkStackSizeMax                         = 536870912                                 {product} {ergonomic}
   size_t MaxHeapSize                              = 4213178368                                {product} {ergonomic}
   size_t MinHeapDeltaBytes                        = 2097152                                   {product} {ergonomic}
   size_t MinHeapSize                              = 8388608                                   {product} {ergonomic}
    uintx NonNMethodCodeHeapSize                   = 5832704                                {pd product} {ergonomic}
    uintx NonProfiledCodeHeapSize                  = 122945536                              {pd product} {ergonomic}
    uintx ProfiledCodeHeapSize                     = 122880000                              {pd product} {ergonomic}
    uintx ReservedCodeCacheSize                    = 251658240                              {pd product} {ergonomic}
     bool SegmentedCodeCache                       = true                                      {product} {ergonomic}
     bool ShowCodeDetailsInExceptionMessages       = true                                   {manageable} {command line}
   size_t SoftMaxHeapSize                          = 4213178368                             {manageable} {ergonomic}
     bool UseCompressedOops                        = true                           {product lp64_product} {ergonomic}
     bool UseG1GC                                  = true                                      {product} {ergonomic}
     bool UseLargePagesIndividualAllocation        = false                                  {pd product} {ergonomic}

Logging:
Log output configuration:
 #0: stdout all=warning uptime,level,tags foldmultilines=false
 #1: stderr all=off uptime,level,tags foldmultilines=false

Environment Variables:
JAVA_HOME=C:\Program Files\Java\jdk-23\bin
PATH=C:/Program Files/Java/jdk-23/bin/server;C:/Program Files/Java/jdk-23/bin;C:\Program Files\Common Files\Oracle\Java\javapath;C:\WINDOWS\system32;C:\WINDOWS;C:\WINDOWS\System32\Wbem;C:\WINDOWS\System32\WindowsPowerShell\v1.0\;C:\WINDOWS\System32\OpenSSH\;C:\Program Files\MySQL\MySQL Server 8.0\bin;C:\Users\manoj\Downloads\mysql-connector-j-9.2.0.zip\mysql-connector-j-9.2.0;C:\Program Files\nodejs;C:\Program Files\MongoDB\Server\8.2\bin;C:\Program Files\dotnet\;C:\Program Files\Git\cmd;C:\Program Files\Java\jdk-23\bin;C:\Users\manoj\AppData\Local\Programs\Python\Python313\Scripts\;C:\Users\manoj\AppData\Local\Programs\Python\Python313\;C:\Users\manoj\AppData\Local\Microsoft\WindowsApps;C:\Users\manoj\AppData\Local\Programs\Microsoft VS Code\bin;C:\Users\manoj\AppData\Roaming\npm;D:\flutter\bin;C:\Program Files\heroku\bin;C:\Users\manoj\OneDrive\Desktop;
USERNAME=manoj
OS=Windows_NT
PROCESSOR_IDENTIFIER=Intel64 Family 6 Model 186 Stepping 3, GenuineIntel
TMP=C:\Users\manoj\AppData\Local\Temp
TEMP=C:\Users\manoj\AppData\Local\Temp




Periodic native trim disabled

---------------  S Y S T E M  ---------------

OS:
 Windows 11 , 64 bit Build 26100 (10.0.26100.6725)
OS uptime: 4 days 2:39 hours
Hyper-V role detected

CPU: total 12 (initial active 12) (6 cores per cpu, 2 threads per core) family 6 model 186 stepping 3 microcode 0x6134, cx8, cmov, fxsr, ht, mmx, 3dnowpref, sse, sse2, sse3, ssse3, sse4.1, sse4.2, popcnt, lzcnt, tsc, tscinvbit, avx, avx2, aes, erms, clmul, bmi1, bmi2, adx, sha, fma, vzeroupper, clflush, clflushopt, clwb, hv, serialize, rdtscp, rdpid, fsrm, gfni, f16c, cet_ibt, cet_ss
Processor Information for the first 12 processors :
  Max Mhz: 1300, Current Mhz: 1300, Mhz Limit: 1300

Memory: 4k page, system-wide physical 16068M (3821M free)
TotalPageFile size 16584M (AvailPageFile size 149M)
current process WorkingSet (physical memory assigned to process): 13M, peak: 13M
current process commit charge ("private bytes"): 65M, peak: 316M

vm_info: Java HotSpot(TM) 64-Bit Server VM (23+37-2369) for windows-amd64 JRE (23+37-2369), built on 2024-08-20T16:01:23Z with MS VC++ 17.6 (VS2022)

END.
