#
# There is insufficient memory for the Java Runtime Environment to continue.
# Native memory allocation (mmap) failed to map 65536 bytes. Error detail: Failed to commit metaspace.
# Possible reasons:
#   The system is out of physical RAM or swap space
#   This process is running with CompressedOops enabled, and the Java Heap may be blocking the growth of the native heap
# Possible solutions:
#   Reduce memory load on the system
#   Increase physical memory or swap space
#   Check if swap backing store is full
#   Decrease Java heap size (-Xmx/-Xms)
#   Decrease number of Java threads
#   Decrease Java thread stack sizes (-Xss)
#   Set larger code cache with -XX:ReservedCodeCacheSize=
#   JVM is running with Zero Based Compressed Oops mode in which the Java heap is
#     placed in the first 32GB address space. The Java Heap base address is the
#     maximum limit for the native heap growth. Please use -XX:HeapBaseMinAddress
#     to set the Java Heap base and to place the Java Heap above 32GB virtual address.
# This output file may be truncated or incomplete.
#
#  Out of Memory Error (virtualSpaceNode.cpp:113), pid=25620, tid=4560
#
# JRE version: Java(TM) SE Runtime Environment (23.0+37) (build 23+37-2369)
# Java VM: Java HotSpot(TM) 64-Bit Server VM (23+37-2369, mixed mode, tiered, compressed oops, compressed class ptrs, g1 gc, windows-amd64)
# No core dump will be written. Minidumps are not enabled by default on client versions of Windows
#

---------------  S U M M A R Y ------------

Command Line: -Dfile.encoding=UTF-8 -Dstdout.encoding=UTF-8 -Dstderr.encoding=UTF-8 --module-path=D:\wiproTNP\oopsandinheritence\bin -XX:+ShowCodeDetailsInExceptionMessages -Djdk.module.main=oopsandinheritence oopsandinheritence/oopsandinheritence.Palindrome madam

Host: 13th Gen Intel(R) Core(TM) i5-1334U, 12 cores, 15G,  Windows 11 , 64 bit Build 26100 (10.0.26100.6725)
Time: Sat Jul 11 17:13:18 2026 India Standard Time elapsed time: 0.315503 seconds (0d 0h 0m 0s)

---------------  T H R E A D  ---------------

Current thread (0x0000020ba14a2150):  JavaThread "main"             [_thread_in_vm, id=4560, stack(0x000000b45f400000,0x000000b45f500000) (1024K)]

Stack: [0x000000b45f400000,0x000000b45f500000]
Native frames: (J=compiled Java code, j=interpreted, Vv=VM code, C=native code)
V  [jvm.dll+0x6e08a9]  (no source info available)
V  [jvm.dll+0x87da63]  (no source info available)
V  [jvm.dll+0x87feee]  (no source info available)
V  [jvm.dll+0x8805c3]  (no source info available)
V  [jvm.dll+0x27aee6]  (no source info available)
V  [jvm.dll+0x87966e]  (no source info available)
V  [jvm.dll+0x682025]  (no source info available)
V  [jvm.dll+0x68208a]  (no source info available)
V  [jvm.dll+0x6848ca]  (no source info available)
V  [jvm.dll+0x2219dc]  (no source info available)
V  [jvm.dll+0x682a3e]  (no source info available)
V  [jvm.dll+0x266380]  (no source info available)
V  [jvm.dll+0x2129b7]  (no source info available)
V  [jvm.dll+0x20811e]  (no source info available)
V  [jvm.dll+0x5be6df]  (no source info available)
V  [jvm.dll+0x219b2b]  (no source info available)
V  [jvm.dll+0x7f30c0]  (no source info available)
V  [jvm.dll+0x7f4166]  (no source info available)
V  [jvm.dll+0x7f4990]  (no source info available)
V  [jvm.dll+0x21326c]  (no source info available)
V  [jvm.dll+0x208137]  (no source info available)
V  [jvm.dll+0x5be6df]  (no source info available)
V  [jvm.dll+0x219b2b]  (no source info available)
V  [jvm.dll+0x7f30c0]  (no source info available)
V  [jvm.dll+0x7f4166]  (no source info available)
V  [jvm.dll+0x7f4990]  (no source info available)
V  [jvm.dll+0x21326c]  (no source info available)
V  [jvm.dll+0x208137]  (no source info available)
V  [jvm.dll+0x5be6df]  (no source info available)
V  [jvm.dll+0x219b2b]  (no source info available)
V  [jvm.dll+0x7f30c0]  (no source info available)
V  [jvm.dll+0x7f4166]  (no source info available)
V  [jvm.dll+0x7f4774]  (no source info available)
V  [jvm.dll+0x7f43f8]  (no source info available)
V  [jvm.dll+0x2689cb]  (no source info available)
V  [jvm.dll+0x3d4fef]  (no source info available)
C  0x0000020bb354b3d5  (no source info available)

The last pc belongs to instanceof (printed below).
Java frames: (J=compiled Java code, j=interpreted, Vv=VM code)
j  sun.nio.ch.Streams.of(Ljava/nio/channels/ReadableByteChannel;)Ljava/io/InputStream;+1 java.base@23
j  java.nio.channels.Channels.newInputStream(Ljava/nio/channels/ReadableByteChannel;)Ljava/io/InputStream;+8 java.base@23
j  java.nio.file.spi.FileSystemProvider.newInputStream(Ljava/nio/file/Path;[Ljava/nio/file/OpenOption;)Ljava/io/InputStream;+98 java.base@23
j  java.nio.file.Files.newInputStream(Ljava/nio/file/Path;[Ljava/nio/file/OpenOption;)Ljava/io/InputStream;+6 java.base@23
j  jdk.internal.module.ModulePath.readExplodedModule(Ljava/nio/file/Path;)Ljava/lang/module/ModuleReference;+14 java.base@23
j  jdk.internal.module.ModulePath.readModule(Ljava/nio/file/Path;Ljava/nio/file/attribute/BasicFileAttributes;)Ljava/lang/module/ModuleReference;+11 java.base@23
j  jdk.internal.module.ModulePath.scan(Ljava/nio/file/Path;)Ljava/util/Map;+67 java.base@23
j  jdk.internal.module.ModulePath.scanNextEntry()V+23 java.base@23
j  jdk.internal.module.ModulePath.find(Ljava/lang/String;)Ljava/util/Optional;+36 java.base@23
j  java.lang.module.ModuleFinder$2.lambda$find$0(Ljava/lang/String;Ljava/lang/module/ModuleFinder;)Ljava/util/Optional;+2 java.base@23
j  java.lang.module.ModuleFinder$2$$Lambda+0x000000002f018e00.apply(Ljava/lang/Object;)Ljava/lang/Object;+8 java.base@23
j  java.util.stream.ReferencePipeline$3$1.accept(Ljava/lang/Object;)V+12 java.base@23
j  java.util.AbstractList$RandomAccessSpliterator.tryAdvance(Ljava/util/function/Consumer;)Z+43 java.base@23
j  java.util.stream.ReferencePipeline.forEachWithCancel(Ljava/util/Spliterator;Ljava/util/stream/Sink;)Z+13 java.base@23
j  java.util.stream.AbstractPipeline.copyIntoWithCancel(Ljava/util/stream/Sink;Ljava/util/Spliterator;)Z+32 java.base@23
j  java.util.stream.AbstractPipeline.copyInto(Ljava/util/stream/Sink;Ljava/util/Spliterator;)V+49 java.base@23
j  java.util.stream.AbstractPipeline.wrapAndCopyInto(Ljava/util/stream/Sink;Ljava/util/Spliterator;)Ljava/util/stream/Sink;+13 java.base@23
j  java.util.stream.FindOps$FindOp.evaluateSequential(Ljava/util/stream/PipelineHelper;Ljava/util/Spliterator;)Ljava/lang/Object;+14 java.base@23
j  java.util.stream.AbstractPipeline.evaluate(Ljava/util/stream/TerminalOp;)Ljava/lang/Object;+88 java.base@23
j  java.util.stream.ReferencePipeline.findFirst()Ljava/util/Optional;+5 java.base@23
j  java.lang.module.ModuleFinder$2.find(Ljava/lang/String;)Ljava/util/Optional;+53 java.base@23
j  java.lang.module.Resolver.findWithBeforeFinder(Ljava/lang/String;)Ljava/lang/module/ModuleReference;+5 java.base@23
j  java.lang.module.Resolver.resolve(Ljava/util/Collection;)Ljava/lang/module/Resolver;+38 java.base@23
j  java.lang.module.Configuration.resolveAndBind(Ljava/lang/module/ModuleFinder;Ljava/util/Collection;Ljava/io/PrintStream;)Ljava/lang/module/Configuration;+29 java.base@23
j  java.lang.module.ModuleDescriptor$1.resolveAndBind(Ljava/lang/module/ModuleFinder;Ljava/util/Collection;Ljava/io/PrintStream;)Ljava/lang/module/Configuration;+3 java.base@23
j  jdk.internal.module.Modules.newBootLayerConfiguration(Ljava/lang/module/ModuleFinder;Ljava/util/Collection;Ljava/io/PrintStream;)Ljava/lang/module/Configuration;+6 java.base@23
j  jdk.internal.module.ModuleBootstrap.boot2()Ljava/lang/ModuleLayer;+900 java.base@23
j  jdk.internal.module.ModuleBootstrap.boot()Ljava/lang/ModuleLayer;+64 java.base@23
j  java.lang.System.initPhase2(ZZ)I+0 java.base@23
v  ~StubRoutines::call_stub 0x0000020bb3530fcd
Lock stack of current Java thread (top to bottom):

instanceof  193 instanceof  [0x0000020bb354b360, 0x0000020bb354b578]  536 bytes
[MachCode]
  0x0000020bb354b360: 5848 85c0 | 0f84 db01 | 0000 488b | 4de8 488b | 4908 488b | 4908 488b | 5108 410f | b75d 010f 
  0x0000020bb354b380: cbc1 eb10 | 807c 1a04 | 070f 84b9 | 0000 0050 | e805 0000 | 00e9 9600 | 0000 488d | 4424 084c 
  0x0000020bb354b3a0: 896d c049 | 8bcf c5f8 | 7749 89af | b003 0000 | 4989 87a0 | 0300 0048 | 83ec 2040 | f6c4 0f0f 
  0x0000020bb354b3c0: 8419 0000 | 0048 83ec | 0848 b800 | 4f2f 70ff | 7f00 00ff | d048 83c4 | 08e9 0c00 | 0000 48b8 
  0x0000020bb354b3e0: 004f 2f70 | ff7f 0000 | ffd0 4883 | c420 49c7 | 87a0 0300 | 0000 0000 | 0049 c787 | b003 0000 
  0x0000020bb354b400: 0000 0000 | 49c7 87a8 | 0300 0000 | 0000 00c5 | f877 4983 | 7f08 000f | 8405 0000 | 00e9 9e5a 
  0x0000020bb354b420: feff 4c8b | 6dc0 4c8b | 75c8 4e8d | 74f5 00c3 | 498b 8700 | 0400 0049 | c787 0004 | 0000 0000 
  0x0000020bb354b440: 0000 5a8b | 5208 eb11 | 8b50 0866 | 8b5c d948 | 488b 4928 | 488b 44d9 | 0848 8b4d | d848 85c9 
  0x0000020bb354b460: 0f84 9500 | 0000 488b | 7910 483b | fa0f 850f | 0000 0048 | 8341 1801 | 4883 5918 | 00e9 7100 
  0x0000020bb354b480: 0000 4885 | ff0f 8442 | 0000 0048 | 8b79 2048 | 3bfa 0f85 | 0f00 0000 | 4883 4128 | 0148 8359 
  0x0000020bb354b4a0: 2800 e94c | 0000 0048 | 85ff 740f | 4883 4108 | 0148 8359 | 0800 e938 | 0000 0048 | 8951 20bf 
  0x0000020bb354b4c0: 0100 0000 | 4889 7928 | e926 0000 | 0048 3b51 | 200f 850f | 0000 0048 | 8341 2801 | 4883 5928 
  0x0000020bb354b4e0: 00e9 0d00 | 0000 4889 | 5110 bf01 | 0000 0048 | 8979 1848 | 83c1 3048 | 894d d848 | 3bd0 0f84 
  0x0000020bb354b500: 3700 0000 | 8b48 1448 | 3b04 0a0f | 842a 0000 | 0083 f920 | 0f85 1d00 | 0000 5748 | 8b7a 288b 
  0x0000020bb354b520: 0f48 83c7 | 0848 85c0 | f248 af5f | 7509 4889 | 4220 e904 | 0000 0033 | c0eb 23b8 | 0100 0000 
  0x0000020bb354b540: e919 0000 | 0048 8b4d | d848 85c9 | 0f84 0c00 | 0000 8049 | 0101 4883 | c130 4889 | 4dd8 410f 
  0x0000020bb354b560: b65d 0349 | 83c5 0349 | ba50 56ba | 70ff 7f00 | 0041 ff24 | da66 6690 
[/MachCode]

---------------  P R O C E S S  ---------------

Threads class SMR info:
_java_thread_list=0x0000020bc32953b0, length=10, elements={
0x0000020ba14a2150, 0x0000020bc3129520, 0x0000020bc30f6880, 0x0000020bc30f77c0,
0x0000020bc313bdc0, 0x0000020bc3131f90, 0x0000020bc313e830, 0x0000020bc315bd50,
0x0000020bc315e810, 0x0000020bc32d4e60
}

Java Threads: ( => current thread )
=>0x0000020ba14a2150 JavaThread "main"                              [_thread_in_vm, id=4560, stack(0x000000b45f400000,0x000000b45f500000) (1024K)]
  0x0000020bc3129520 JavaThread "Reference Handler"          daemon [_thread_blocked, id=11896, stack(0x000000b45fc00000,0x000000b45fd00000) (1024K)]
  0x0000020bc30f6880 JavaThread "Finalizer"                  daemon [_thread_blocked, id=4908, stack(0x000000b45fd00000,0x000000b45fe00000) (1024K)]
  0x0000020bc30f77c0 JavaThread "Signal Dispatcher"          daemon [_thread_blocked, id=10864, stack(0x000000b45fe00000,0x000000b45ff00000) (1024K)]
  0x0000020bc313bdc0 JavaThread "Attach Listener"            daemon [_thread_blocked, id=9832, stack(0x000000b45ff00000,0x000000b460000000) (1024K)]
  0x0000020bc3131f90 JavaThread "Service Thread"             daemon [_thread_blocked, id=22808, stack(0x000000b460000000,0x000000b460100000) (1024K)]
  0x0000020bc313e830 JavaThread "Monitor Deflation Thread"   daemon [_thread_blocked, id=4708, stack(0x000000b460100000,0x000000b460200000) (1024K)]
  0x0000020bc315bd50 JavaThread "C2 CompilerThread0"         daemon [_thread_blocked, id=27080, stack(0x000000b460200000,0x000000b460300000) (1024K)]
  0x0000020bc315e810 JavaThread "C1 CompilerThread0"         daemon [_thread_blocked, id=1312, stack(0x000000b460300000,0x000000b460400000) (1024K)]
  0x0000020bc32d4e60 JavaThread "Common-Cleaner"             daemon [_thread_blocked, id=10024, stack(0x000000b460400000,0x000000b460500000) (1024K)]
Total: 10

Other Threads:
  0x0000020bc3057280 VMThread "VM Thread"                           [id=18980, stack(0x000000b45fb00000,0x000000b45fc00000) (1024K)]
  0x0000020bc3033a80 WatcherThread "VM Periodic Task Thread"        [id=4492, stack(0x000000b45fa00000,0x000000b45fb00000) (1024K)]
  0x0000020ba392dda0 WorkerThread "GC Thread#0"                     [id=13080, stack(0x000000b45f500000,0x000000b45f600000) (1024K)]
  0x0000020ba39427c0 ConcurrentGCThread "G1 Main Marker"            [id=12928, stack(0x000000b45f600000,0x000000b45f700000) (1024K)]
  0x0000020ba39432d0 WorkerThread "G1 Conc#0"                       [id=24544, stack(0x000000b45f700000,0x000000b45f800000) (1024K)]
  0x0000020bc2f04200 ConcurrentGCThread "G1 Refine#0"               [id=13272, stack(0x000000b45f800000,0x000000b45f900000) (1024K)]
  0x0000020bc2f05b40 ConcurrentGCThread "G1 Service"                [id=25096, stack(0x000000b45f900000,0x000000b45fa00000) (1024K)]
Total: 7

Threads with active compile tasks:
Total: 0

VM state: not at safepoint (normal execution)

VM Mutex/Monitor currently owned by a thread:  ([mutex/lock_event])
[0x00007fff70b91890] Metaspace_lock - owner thread: 0x0000020ba14a2150

Heap address: 0x0000000704e00000, size: 4018 MB, Compressed Oops mode: Zero based, Oop shift amount: 3

CDS archive(s) not mapped
Compressed class space mapped at: 0x000000002f000000-0x000000006f000000, reserved size: 1073741824
Narrow klass base: 0x0000000000000000, Narrow klass shift: 0, Narrow klass range: 0x6f000000

GC Precious Log:
 CardTable entry size: 512
 Card Set container configuration: InlinePtr #cards 4 size 8 Array Of Cards #cards 16 size 48 Howl #buckets 8 coarsen threshold 3686 Howl Bitmap #cards 512 size 80 coarsen threshold 460 Card regions per heap region 1 cards per card region 4096
 CPUs: 12 total, 12 available
 Memory: 16068M
 Large Page Support: Disabled
 NUMA Support: Disabled
 Compressed Oops: Enabled (Zero based)
 Heap Region Size: 2M
 Heap Min Capacity: 8M
 Heap Initial Capacity: 252M
 Heap Max Capacity: 4018M
 Pre-touch: Disabled
 Parallel Workers: 10
 Concurrent Workers: 3
 Concurrent Refinement Workers: 10
 Periodic GC: Disabled

Heap:
 garbage-first heap   total reserved 4114432K, committed 258048K, used 0K [0x0000000704e00000, 0x0000000800000000)
  region size 2048K, 1 young (2048K), 0 survivors (0K)
 Metaspace       used 6080K, committed 6208K, reserved 1114112K
  class space    used 511K, committed 576K, reserved 1048576K

Heap Regions: E=young(eden), S=young(survivor), O=old, HS=humongous(starts), HC=humongous(continues), CS=collection set, F=free, TAMS=top-at-mark-start, PB=parsable bottom
|   0|0x0000000704e00000, 0x0000000704e00000, 0x0000000705000000|  0%| F|  |TAMS 0x0000000704e00000| PB 0x0000000704e00000| Untracked |  0
|   1|0x0000000705000000, 0x0000000705000000, 0x0000000705200000|  0%| F|  |TAMS 0x0000000705000000| PB 0x0000000705000000| Untracked |  0
|   2|0x0000000705200000, 0x0000000705200000, 0x0000000705400000|  0%| F|  |TAMS 0x0000000705200000| PB 0x0000000705200000| Untracked |  0
|   3|0x0000000705400000, 0x0000000705400000, 0x0000000705600000|  0%| F|  |TAMS 0x0000000705400000| PB 0x0000000705400000| Untracked |  0
|   4|0x0000000705600000, 0x0000000705600000, 0x0000000705800000|  0%| F|  |TAMS 0x0000000705600000| PB 0x0000000705600000| Untracked |  0
|   5|0x0000000705800000, 0x0000000705800000, 0x0000000705a00000|  0%| F|  |TAMS 0x0000000705800000| PB 0x0000000705800000| Untracked |  0
|   6|0x0000000705a00000, 0x0000000705a00000, 0x0000000705c00000|  0%| F|  |TAMS 0x0000000705a00000| PB 0x0000000705a00000| Untracked |  0
|   7|0x0000000705c00000, 0x0000000705c00000, 0x0000000705e00000|  0%| F|  |TAMS 0x0000000705c00000| PB 0x0000000705c00000| Untracked |  0
|   8|0x0000000705e00000, 0x0000000705e00000, 0x0000000706000000|  0%| F|  |TAMS 0x0000000705e00000| PB 0x0000000705e00000| Untracked |  0
|   9|0x0000000706000000, 0x0000000706000000, 0x0000000706200000|  0%| F|  |TAMS 0x0000000706000000| PB 0x0000000706000000| Untracked |  0
|  10|0x0000000706200000, 0x0000000706200000, 0x0000000706400000|  0%| F|  |TAMS 0x0000000706200000| PB 0x0000000706200000| Untracked |  0
|  11|0x0000000706400000, 0x0000000706400000, 0x0000000706600000|  0%| F|  |TAMS 0x0000000706400000| PB 0x0000000706400000| Untracked |  0
|  12|0x0000000706600000, 0x0000000706600000, 0x0000000706800000|  0%| F|  |TAMS 0x0000000706600000| PB 0x0000000706600000| Untracked |  0
|  13|0x0000000706800000, 0x0000000706800000, 0x0000000706a00000|  0%| F|  |TAMS 0x0000000706800000| PB 0x0000000706800000| Untracked |  0
|  14|0x0000000706a00000, 0x0000000706a00000, 0x0000000706c00000|  0%| F|  |TAMS 0x0000000706a00000| PB 0x0000000706a00000| Untracked |  0
|  15|0x0000000706c00000, 0x0000000706c00000, 0x0000000706e00000|  0%| F|  |TAMS 0x0000000706c00000| PB 0x0000000706c00000| Untracked |  0
|  16|0x0000000706e00000, 0x0000000706e00000, 0x0000000707000000|  0%| F|  |TAMS 0x0000000706e00000| PB 0x0000000706e00000| Untracked |  0
|  17|0x0000000707000000, 0x0000000707000000, 0x0000000707200000|  0%| F|  |TAMS 0x0000000707000000| PB 0x0000000707000000| Untracked |  0
|  18|0x0000000707200000, 0x0000000707200000, 0x0000000707400000|  0%| F|  |TAMS 0x0000000707200000| PB 0x0000000707200000| Untracked |  0
|  19|0x0000000707400000, 0x0000000707400000, 0x0000000707600000|  0%| F|  |TAMS 0x0000000707400000| PB 0x0000000707400000| Untracked |  0
|  20|0x0000000707600000, 0x0000000707600000, 0x0000000707800000|  0%| F|  |TAMS 0x0000000707600000| PB 0x0000000707600000| Untracked |  0
|  21|0x0000000707800000, 0x0000000707800000, 0x0000000707a00000|  0%| F|  |TAMS 0x0000000707800000| PB 0x0000000707800000| Untracked |  0
|  22|0x0000000707a00000, 0x0000000707a00000, 0x0000000707c00000|  0%| F|  |TAMS 0x0000000707a00000| PB 0x0000000707a00000| Untracked |  0
|  23|0x0000000707c00000, 0x0000000707c00000, 0x0000000707e00000|  0%| F|  |TAMS 0x0000000707c00000| PB 0x0000000707c00000| Untracked |  0
|  24|0x0000000707e00000, 0x0000000707e00000, 0x0000000708000000|  0%| F|  |TAMS 0x0000000707e00000| PB 0x0000000707e00000| Untracked |  0
|  25|0x0000000708000000, 0x0000000708000000, 0x0000000708200000|  0%| F|  |TAMS 0x0000000708000000| PB 0x0000000708000000| Untracked |  0
|  26|0x0000000708200000, 0x0000000708200000, 0x0000000708400000|  0%| F|  |TAMS 0x0000000708200000| PB 0x0000000708200000| Untracked |  0
|  27|0x0000000708400000, 0x0000000708400000, 0x0000000708600000|  0%| F|  |TAMS 0x0000000708400000| PB 0x0000000708400000| Untracked |  0
|  28|0x0000000708600000, 0x0000000708600000, 0x0000000708800000|  0%| F|  |TAMS 0x0000000708600000| PB 0x0000000708600000| Untracked |  0
|  29|0x0000000708800000, 0x0000000708800000, 0x0000000708a00000|  0%| F|  |TAMS 0x0000000708800000| PB 0x0000000708800000| Untracked |  0
|  30|0x0000000708a00000, 0x0000000708a00000, 0x0000000708c00000|  0%| F|  |TAMS 0x0000000708a00000| PB 0x0000000708a00000| Untracked |  0
|  31|0x0000000708c00000, 0x0000000708c00000, 0x0000000708e00000|  0%| F|  |TAMS 0x0000000708c00000| PB 0x0000000708c00000| Untracked |  0
|  32|0x0000000708e00000, 0x0000000708e00000, 0x0000000709000000|  0%| F|  |TAMS 0x0000000708e00000| PB 0x0000000708e00000| Untracked |  0
|  33|0x0000000709000000, 0x0000000709000000, 0x0000000709200000|  0%| F|  |TAMS 0x0000000709000000| PB 0x0000000709000000| Untracked |  0
|  34|0x0000000709200000, 0x0000000709200000, 0x0000000709400000|  0%| F|  |TAMS 0x0000000709200000| PB 0x0000000709200000| Untracked |  0
|  35|0x0000000709400000, 0x0000000709400000, 0x0000000709600000|  0%| F|  |TAMS 0x0000000709400000| PB 0x0000000709400000| Untracked |  0
|  36|0x0000000709600000, 0x0000000709600000, 0x0000000709800000|  0%| F|  |TAMS 0x0000000709600000| PB 0x0000000709600000| Untracked |  0
|  37|0x0000000709800000, 0x0000000709800000, 0x0000000709a00000|  0%| F|  |TAMS 0x0000000709800000| PB 0x0000000709800000| Untracked |  0
|  38|0x0000000709a00000, 0x0000000709a00000, 0x0000000709c00000|  0%| F|  |TAMS 0x0000000709a00000| PB 0x0000000709a00000| Untracked |  0
|  39|0x0000000709c00000, 0x0000000709c00000, 0x0000000709e00000|  0%| F|  |TAMS 0x0000000709c00000| PB 0x0000000709c00000| Untracked |  0
|  40|0x0000000709e00000, 0x0000000709e00000, 0x000000070a000000|  0%| F|  |TAMS 0x0000000709e00000| PB 0x0000000709e00000| Untracked |  0
|  41|0x000000070a000000, 0x000000070a000000, 0x000000070a200000|  0%| F|  |TAMS 0x000000070a000000| PB 0x000000070a000000| Untracked |  0
|  42|0x000000070a200000, 0x000000070a200000, 0x000000070a400000|  0%| F|  |TAMS 0x000000070a200000| PB 0x000000070a200000| Untracked |  0
|  43|0x000000070a400000, 0x000000070a400000, 0x000000070a600000|  0%| F|  |TAMS 0x000000070a400000| PB 0x000000070a400000| Untracked |  0
|  44|0x000000070a600000, 0x000000070a600000, 0x000000070a800000|  0%| F|  |TAMS 0x000000070a600000| PB 0x000000070a600000| Untracked |  0
|  45|0x000000070a800000, 0x000000070a800000, 0x000000070aa00000|  0%| F|  |TAMS 0x000000070a800000| PB 0x000000070a800000| Untracked |  0
|  46|0x000000070aa00000, 0x000000070aa00000, 0x000000070ac00000|  0%| F|  |TAMS 0x000000070aa00000| PB 0x000000070aa00000| Untracked |  0
|  47|0x000000070ac00000, 0x000000070ac00000, 0x000000070ae00000|  0%| F|  |TAMS 0x000000070ac00000| PB 0x000000070ac00000| Untracked |  0
|  48|0x000000070ae00000, 0x000000070ae00000, 0x000000070b000000|  0%| F|  |TAMS 0x000000070ae00000| PB 0x000000070ae00000| Untracked |  0
|  49|0x000000070b000000, 0x000000070b000000, 0x000000070b200000|  0%| F|  |TAMS 0x000000070b000000| PB 0x000000070b000000| Untracked |  0
|  50|0x000000070b200000, 0x000000070b200000, 0x000000070b400000|  0%| F|  |TAMS 0x000000070b200000| PB 0x000000070b200000| Untracked |  0
|  51|0x000000070b400000, 0x000000070b400000, 0x000000070b600000|  0%| F|  |TAMS 0x000000070b400000| PB 0x000000070b400000| Untracked |  0
|  52|0x000000070b600000, 0x000000070b600000, 0x000000070b800000|  0%| F|  |TAMS 0x000000070b600000| PB 0x000000070b600000| Untracked |  0
|  53|0x000000070b800000, 0x000000070b800000, 0x000000070ba00000|  0%| F|  |TAMS 0x000000070b800000| PB 0x000000070b800000| Untracked |  0
|  54|0x000000070ba00000, 0x000000070ba00000, 0x000000070bc00000|  0%| F|  |TAMS 0x000000070ba00000| PB 0x000000070ba00000| Untracked |  0
|  55|0x000000070bc00000, 0x000000070bc00000, 0x000000070be00000|  0%| F|  |TAMS 0x000000070bc00000| PB 0x000000070bc00000| Untracked |  0
|  56|0x000000070be00000, 0x000000070be00000, 0x000000070c000000|  0%| F|  |TAMS 0x000000070be00000| PB 0x000000070be00000| Untracked |  0
|  57|0x000000070c000000, 0x000000070c000000, 0x000000070c200000|  0%| F|  |TAMS 0x000000070c000000| PB 0x000000070c000000| Untracked |  0
|  58|0x000000070c200000, 0x000000070c200000, 0x000000070c400000|  0%| F|  |TAMS 0x000000070c200000| PB 0x000000070c200000| Untracked |  0
|  59|0x000000070c400000, 0x000000070c400000, 0x000000070c600000|  0%| F|  |TAMS 0x000000070c400000| PB 0x000000070c400000| Untracked |  0
|  60|0x000000070c600000, 0x000000070c600000, 0x000000070c800000|  0%| F|  |TAMS 0x000000070c600000| PB 0x000000070c600000| Untracked |  0
|  61|0x000000070c800000, 0x000000070c800000, 0x000000070ca00000|  0%| F|  |TAMS 0x000000070c800000| PB 0x000000070c800000| Untracked |  0
|  62|0x000000070ca00000, 0x000000070ca00000, 0x000000070cc00000|  0%| F|  |TAMS 0x000000070ca00000| PB 0x000000070ca00000| Untracked |  0
|  63|0x000000070cc00000, 0x000000070cc00000, 0x000000070ce00000|  0%| F|  |TAMS 0x000000070cc00000| PB 0x000000070cc00000| Untracked |  0
|  64|0x000000070ce00000, 0x000000070ce00000, 0x000000070d000000|  0%| F|  |TAMS 0x000000070ce00000| PB 0x000000070ce00000| Untracked |  0
|  65|0x000000070d000000, 0x000000070d000000, 0x000000070d200000|  0%| F|  |TAMS 0x000000070d000000| PB 0x000000070d000000| Untracked |  0
|  66|0x000000070d200000, 0x000000070d200000, 0x000000070d400000|  0%| F|  |TAMS 0x000000070d200000| PB 0x000000070d200000| Untracked |  0
|  67|0x000000070d400000, 0x000000070d400000, 0x000000070d600000|  0%| F|  |TAMS 0x000000070d400000| PB 0x000000070d400000| Untracked |  0
|  68|0x000000070d600000, 0x000000070d600000, 0x000000070d800000|  0%| F|  |TAMS 0x000000070d600000| PB 0x000000070d600000| Untracked |  0
|  69|0x000000070d800000, 0x000000070d800000, 0x000000070da00000|  0%| F|  |TAMS 0x000000070d800000| PB 0x000000070d800000| Untracked |  0
|  70|0x000000070da00000, 0x000000070da00000, 0x000000070dc00000|  0%| F|  |TAMS 0x000000070da00000| PB 0x000000070da00000| Untracked |  0
|  71|0x000000070dc00000, 0x000000070dc00000, 0x000000070de00000|  0%| F|  |TAMS 0x000000070dc00000| PB 0x000000070dc00000| Untracked |  0
|  72|0x000000070de00000, 0x000000070de00000, 0x000000070e000000|  0%| F|  |TAMS 0x000000070de00000| PB 0x000000070de00000| Untracked |  0
|  73|0x000000070e000000, 0x000000070e000000, 0x000000070e200000|  0%| F|  |TAMS 0x000000070e000000| PB 0x000000070e000000| Untracked |  0
|  74|0x000000070e200000, 0x000000070e200000, 0x000000070e400000|  0%| F|  |TAMS 0x000000070e200000| PB 0x000000070e200000| Untracked |  0
|  75|0x000000070e400000, 0x000000070e400000, 0x000000070e600000|  0%| F|  |TAMS 0x000000070e400000| PB 0x000000070e400000| Untracked |  0
|  76|0x000000070e600000, 0x000000070e600000, 0x000000070e800000|  0%| F|  |TAMS 0x000000070e600000| PB 0x000000070e600000| Untracked |  0
|  77|0x000000070e800000, 0x000000070e800000, 0x000000070ea00000|  0%| F|  |TAMS 0x000000070e800000| PB 0x000000070e800000| Untracked |  0
|  78|0x000000070ea00000, 0x000000070ea00000, 0x000000070ec00000|  0%| F|  |TAMS 0x000000070ea00000| PB 0x000000070ea00000| Untracked |  0
|  79|0x000000070ec00000, 0x000000070ec00000, 0x000000070ee00000|  0%| F|  |TAMS 0x000000070ec00000| PB 0x000000070ec00000| Untracked |  0
|  80|0x000000070ee00000, 0x000000070ee00000, 0x000000070f000000|  0%| F|  |TAMS 0x000000070ee00000| PB 0x000000070ee00000| Untracked |  0
|  81|0x000000070f000000, 0x000000070f000000, 0x000000070f200000|  0%| F|  |TAMS 0x000000070f000000| PB 0x000000070f000000| Untracked |  0
|  82|0x000000070f200000, 0x000000070f200000, 0x000000070f400000|  0%| F|  |TAMS 0x000000070f200000| PB 0x000000070f200000| Untracked |  0
|  83|0x000000070f400000, 0x000000070f400000, 0x000000070f600000|  0%| F|  |TAMS 0x000000070f400000| PB 0x000000070f400000| Untracked |  0
|  84|0x000000070f600000, 0x000000070f600000, 0x000000070f800000|  0%| F|  |TAMS 0x000000070f600000| PB 0x000000070f600000| Untracked |  0
|  85|0x000000070f800000, 0x000000070f800000, 0x000000070fa00000|  0%| F|  |TAMS 0x000000070f800000| PB 0x000000070f800000| Untracked |  0
|  86|0x000000070fa00000, 0x000000070fa00000, 0x000000070fc00000|  0%| F|  |TAMS 0x000000070fa00000| PB 0x000000070fa00000| Untracked |  0
|  87|0x000000070fc00000, 0x000000070fc00000, 0x000000070fe00000|  0%| F|  |TAMS 0x000000070fc00000| PB 0x000000070fc00000| Untracked |  0
|  88|0x000000070fe00000, 0x000000070fe00000, 0x0000000710000000|  0%| F|  |TAMS 0x000000070fe00000| PB 0x000000070fe00000| Untracked |  0
|  89|0x0000000710000000, 0x0000000710000000, 0x0000000710200000|  0%| F|  |TAMS 0x0000000710000000| PB 0x0000000710000000| Untracked |  0
|  90|0x0000000710200000, 0x0000000710200000, 0x0000000710400000|  0%| F|  |TAMS 0x0000000710200000| PB 0x0000000710200000| Untracked |  0
|  91|0x0000000710400000, 0x0000000710400000, 0x0000000710600000|  0%| F|  |TAMS 0x0000000710400000| PB 0x0000000710400000| Untracked |  0
|  92|0x0000000710600000, 0x0000000710600000, 0x0000000710800000|  0%| F|  |TAMS 0x0000000710600000| PB 0x0000000710600000| Untracked |  0
|  93|0x0000000710800000, 0x0000000710800000, 0x0000000710a00000|  0%| F|  |TAMS 0x0000000710800000| PB 0x0000000710800000| Untracked |  0
|  94|0x0000000710a00000, 0x0000000710a00000, 0x0000000710c00000|  0%| F|  |TAMS 0x0000000710a00000| PB 0x0000000710a00000| Untracked |  0
|  95|0x0000000710c00000, 0x0000000710c00000, 0x0000000710e00000|  0%| F|  |TAMS 0x0000000710c00000| PB 0x0000000710c00000| Untracked |  0
|  96|0x0000000710e00000, 0x0000000710e00000, 0x0000000711000000|  0%| F|  |TAMS 0x0000000710e00000| PB 0x0000000710e00000| Untracked |  0
|  97|0x0000000711000000, 0x0000000711000000, 0x0000000711200000|  0%| F|  |TAMS 0x0000000711000000| PB 0x0000000711000000| Untracked |  0
|  98|0x0000000711200000, 0x0000000711200000, 0x0000000711400000|  0%| F|  |TAMS 0x0000000711200000| PB 0x0000000711200000| Untracked |  0
|  99|0x0000000711400000, 0x0000000711400000, 0x0000000711600000|  0%| F|  |TAMS 0x0000000711400000| PB 0x0000000711400000| Untracked |  0
| 100|0x0000000711600000, 0x0000000711600000, 0x0000000711800000|  0%| F|  |TAMS 0x0000000711600000| PB 0x0000000711600000| Untracked |  0
| 101|0x0000000711800000, 0x0000000711800000, 0x0000000711a00000|  0%| F|  |TAMS 0x0000000711800000| PB 0x0000000711800000| Untracked |  0
| 102|0x0000000711a00000, 0x0000000711a00000, 0x0000000711c00000|  0%| F|  |TAMS 0x0000000711a00000| PB 0x0000000711a00000| Untracked |  0
| 103|0x0000000711c00000, 0x0000000711c00000, 0x0000000711e00000|  0%| F|  |TAMS 0x0000000711c00000| PB 0x0000000711c00000| Untracked |  0
| 104|0x0000000711e00000, 0x0000000711e00000, 0x0000000712000000|  0%| F|  |TAMS 0x0000000711e00000| PB 0x0000000711e00000| Untracked |  0
| 105|0x0000000712000000, 0x0000000712000000, 0x0000000712200000|  0%| F|  |TAMS 0x0000000712000000| PB 0x0000000712000000| Untracked |  0
| 106|0x0000000712200000, 0x0000000712200000, 0x0000000712400000|  0%| F|  |TAMS 0x0000000712200000| PB 0x0000000712200000| Untracked |  0
| 107|0x0000000712400000, 0x0000000712400000, 0x0000000712600000|  0%| F|  |TAMS 0x0000000712400000| PB 0x0000000712400000| Untracked |  0
| 108|0x0000000712600000, 0x0000000712600000, 0x0000000712800000|  0%| F|  |TAMS 0x0000000712600000| PB 0x0000000712600000| Untracked |  0
| 109|0x0000000712800000, 0x0000000712800000, 0x0000000712a00000|  0%| F|  |TAMS 0x0000000712800000| PB 0x0000000712800000| Untracked |  0
| 110|0x0000000712a00000, 0x0000000712a00000, 0x0000000712c00000|  0%| F|  |TAMS 0x0000000712a00000| PB 0x0000000712a00000| Untracked |  0
| 111|0x0000000712c00000, 0x0000000712c00000, 0x0000000712e00000|  0%| F|  |TAMS 0x0000000712c00000| PB 0x0000000712c00000| Untracked |  0
| 112|0x0000000712e00000, 0x0000000712e00000, 0x0000000713000000|  0%| F|  |TAMS 0x0000000712e00000| PB 0x0000000712e00000| Untracked |  0
| 113|0x0000000713000000, 0x0000000713000000, 0x0000000713200000|  0%| F|  |TAMS 0x0000000713000000| PB 0x0000000713000000| Untracked |  0
| 114|0x0000000713200000, 0x0000000713200000, 0x0000000713400000|  0%| F|  |TAMS 0x0000000713200000| PB 0x0000000713200000| Untracked |  0
| 115|0x0000000713400000, 0x0000000713400000, 0x0000000713600000|  0%| F|  |TAMS 0x0000000713400000| PB 0x0000000713400000| Untracked |  0
| 116|0x0000000713600000, 0x0000000713600000, 0x0000000713800000|  0%| F|  |TAMS 0x0000000713600000| PB 0x0000000713600000| Untracked |  0
| 117|0x0000000713800000, 0x0000000713800000, 0x0000000713a00000|  0%| F|  |TAMS 0x0000000713800000| PB 0x0000000713800000| Untracked |  0
| 118|0x0000000713a00000, 0x0000000713a00000, 0x0000000713c00000|  0%| F|  |TAMS 0x0000000713a00000| PB 0x0000000713a00000| Untracked |  0
| 119|0x0000000713c00000, 0x0000000713c00000, 0x0000000713e00000|  0%| F|  |TAMS 0x0000000713c00000| PB 0x0000000713c00000| Untracked |  0
| 120|0x0000000713e00000, 0x0000000713e00000, 0x0000000714000000|  0%| F|  |TAMS 0x0000000713e00000| PB 0x0000000713e00000| Untracked |  0
| 121|0x0000000714000000, 0x0000000714000000, 0x0000000714200000|  0%| F|  |TAMS 0x0000000714000000| PB 0x0000000714000000| Untracked |  0
| 122|0x0000000714200000, 0x0000000714200000, 0x0000000714400000|  0%| F|  |TAMS 0x0000000714200000| PB 0x0000000714200000| Untracked |  0
| 123|0x0000000714400000, 0x0000000714400000, 0x0000000714600000|  0%| F|  |TAMS 0x0000000714400000| PB 0x0000000714400000| Untracked |  0
| 124|0x0000000714600000, 0x0000000714600000, 0x0000000714800000|  0%| F|  |TAMS 0x0000000714600000| PB 0x0000000714600000| Untracked |  0
| 125|0x0000000714800000, 0x0000000714a00000, 0x0000000714a00000|100%| E|  |TAMS 0x0000000714800000| PB 0x0000000714800000| Complete |  0

Card table byte_map: [0x0000020bbbd40000,0x0000020bbc520000] _byte_map_base: 0x0000020bb8519000

Marking Bits: (CMBitMap*) 0x0000020ba392e4b0
 Bits: [0x0000020bbc520000, 0x0000020bc03e8000)

Polling page: 0x0000020ba1780000

Metaspace:

Usage:
  Non-class:      5.44 MB used.
      Class:    511.52 KB used.
       Both:      5.94 MB used.

Virtual space:
  Non-class space:       64.00 MB reserved,       5.50 MB (  9%) committed,  1 nodes.
      Class space:        1.00 GB reserved,     576.00 KB ( <1%) committed,  1 nodes.
             Both:        1.06 GB reserved,       6.06 MB ( <1%) committed. 

Chunk freelists:
   Non-Class:  10.50 MB
       Class:  15.25 MB
        Both:  25.75 MB

MaxMetaspaceSize: unlimited
CompressedClassSpaceSize: 1.00 GB
Initial GC threshold: 21.00 MB
Current GC threshold: 21.00 MB
CDS: off
 - commit_granule_bytes: 65536.
 - commit_granule_words: 8192.
 - virtual_space_node_default_size: 8388608.
 - enlarge_chunks_in_place: 1.
 - use_allocation_guard: 0.


Internal statistics:

num_allocs_failed_limit: 0.
num_arena_births: 6.
num_arena_deaths: 0.
num_vsnodes_births: 2.
num_vsnodes_deaths: 0.
num_space_committed: 97.
num_space_uncommitted: 0.
num_chunks_returned_to_freelist: 0.
num_chunks_taken_from_freelist: 17.
num_chunk_merges: 0.
num_chunk_splits: 7.
num_chunks_enlarged: 2.
num_inconsistent_stats: 0.

CodeHeap 'non-profiled nmethods': size=120064Kb used=30Kb max_used=30Kb free=120033Kb
 bounds [0x0000020bb3ac0000, 0x0000020bb3d30000, 0x0000020bbb000000]
CodeHeap 'profiled nmethods': size=120000Kb used=73Kb max_used=73Kb free=119926Kb
 bounds [0x0000020bac000000, 0x0000020bac270000, 0x0000020bb3530000]
CodeHeap 'non-nmethods': size=5696Kb used=1271Kb max_used=1271Kb free=4424Kb
 bounds [0x0000020bb3530000, 0x0000020bb37a0000, 0x0000020bb3ac0000]
CodeCache: size=245760Kb, used=1374Kb, max_used=1374Kb, free=244383Kb
 total_blobs=493, nmethods=97, adapters=302, full_count=0
Compilation: enabled, stopped_count=0, restarted_count=0

Compilation events (20 events):
Event: 0.289 Thread 0x0000020bc315e810   85       1       java.lang.invoke.MethodType::form (5 bytes)
Event: 0.289 Thread 0x0000020bc315e810 nmethod 85 0x0000020bb3ac6b08 code [0x0000020bb3ac6c20, 0x0000020bb3ac6cf0]
Event: 0.292 Thread 0x0000020bc315e810   86       3       java.lang.Enum::<init> (15 bytes)
Event: 0.293 Thread 0x0000020bc315e810 nmethod 86 0x0000020bac00ff88 code [0x0000020bac0100a0, 0x0000020bac010270]
Event: 0.294 Thread 0x0000020bc315e810   87       1       java.lang.invoke.MethodType::ptypes (5 bytes)
Event: 0.294 Thread 0x0000020bc315e810 nmethod 87 0x0000020bb3ac6e08 code [0x0000020bb3ac6f20, 0x0000020bb3ac6ff0]
Event: 0.294 Thread 0x0000020bc315e810   89       3       jdk.internal.org.objectweb.asm.ByteVector::putShort (52 bytes)
Event: 0.294 Thread 0x0000020bc315e810 nmethod 89 0x0000020bac010308 code [0x0000020bac010440, 0x0000020bac010648]
Event: 0.294 Thread 0x0000020bc315e810   91       3       java.lang.Class::getClassLoader (28 bytes)
Event: 0.295 Thread 0x0000020bc315e810 nmethod 91 0x0000020bac010688 code [0x0000020bac010860, 0x0000020bac0112c8]
Event: 0.295 Thread 0x0000020bc315e810   88       3       jdk.internal.org.objectweb.asm.SymbolTable::hash (10 bytes)
Event: 0.295 Thread 0x0000020bc315e810 nmethod 88 0x0000020bac011388 code [0x0000020bac0114a0, 0x0000020bac0115d0]
Event: 0.302 Thread 0x0000020bc315e810   94       3       java.lang.StringLatin1::canEncode (17 bytes)
Event: 0.302 Thread 0x0000020bc315e810 nmethod 94 0x0000020bac011688 code [0x0000020bac0117a0, 0x0000020bac011908]
Event: 0.302 Thread 0x0000020bc315e810   96       3       java.lang.Math::min (11 bytes)
Event: 0.302 Thread 0x0000020bc315e810 nmethod 96 0x0000020bac011988 code [0x0000020bac011aa0, 0x0000020bac011bd0]
Event: 0.302 Thread 0x0000020bc315e810   95       3       java.lang.StringLatin1::indexOf (17 bytes)
Event: 0.303 Thread 0x0000020bc315e810 nmethod 95 0x0000020bac011c88 code [0x0000020bac011dc0, 0x0000020bac012130]
Event: 0.312 Thread 0x0000020bc315e810   97       3       java.lang.String::<init> (15 bytes)
Event: 0.313 Thread 0x0000020bc315e810 nmethod 97 0x0000020bac012188 code [0x0000020bac0122a0, 0x0000020bac012470]

GC Heap History (0 events):
No events

Dll operation events (4 events):
Event: 0.010 Loaded shared library C:\Program Files\Java\jdk-23\bin\java.dll
Event: 0.145 Loaded shared library C:\Program Files\Java\jdk-23\bin\jsvml.dll
Event: 0.306 Loaded shared library C:\Program Files\Java\jdk-23\bin\net.dll
Event: 0.308 Loaded shared library C:\Program Files\Java\jdk-23\bin\nio.dll

Deoptimization events (0 events):
No events

Classes loaded (20 events):
Event: 0.312 Loading class sun/nio/ch/IOUtil done
Event: 0.313 Loading class java/nio/channels/spi/AbstractInterruptibleChannel$1
Event: 0.313 Loading class sun/nio/ch/Interruptible
Event: 0.313 Loading class sun/nio/ch/Interruptible done
Event: 0.313 Loading class java/nio/channels/spi/AbstractInterruptibleChannel$1 done
Event: 0.313 Loading class sun/nio/ch/NativeThreadSet
Event: 0.313 Loading class sun/nio/ch/NativeThreadSet done
Event: 0.313 Loading class sun/nio/ch/FileChannelImpl$Closer
Event: 0.313 Loading class sun/nio/ch/FileChannelImpl$Closer done
Event: 0.313 Loading class java/nio/channels/Channels
Event: 0.313 Loading class java/nio/channels/Channels done
Event: 0.313 Loading class sun/nio/ch/Streams
Event: 0.313 Loading class sun/nio/ch/Streams done
Event: 0.313 Loading class sun/nio/ch/SocketChannelImpl
Event: 0.314 Loading class sun/nio/ch/SelChImpl
Event: 0.314 Loading class sun/nio/ch/SelChImpl done
Event: 0.314 Loading class java/nio/channels/SocketChannel
Event: 0.314 Loading class java/nio/channels/NetworkChannel
Event: 0.314 Loading class java/nio/channels/NetworkChannel done
Event: 0.314 Loading class java/nio/channels/spi/AbstractSelectableChannel

Classes unloaded (0 events):
No events

Classes redefined (0 events):
No events

Internal exceptions (0 events):
No events

VM Operations (0 events):
No events

Memory protections (0 events):
No events

Nmethod flushes (0 events):
No events

Events (10 events):
Event: 0.017 Thread 0x0000020ba14a2150 Thread added: 0x0000020ba14a2150
Event: 0.138 Thread 0x0000020ba14a2150 Thread added: 0x0000020bc3129520
Event: 0.138 Thread 0x0000020ba14a2150 Thread added: 0x0000020bc30f6880
Event: 0.141 Thread 0x0000020ba14a2150 Thread added: 0x0000020bc30f77c0
Event: 0.141 Thread 0x0000020ba14a2150 Thread added: 0x0000020bc313bdc0
Event: 0.141 Thread 0x0000020ba14a2150 Thread added: 0x0000020bc3131f90
Event: 0.142 Thread 0x0000020ba14a2150 Thread added: 0x0000020bc313e830
Event: 0.142 Thread 0x0000020ba14a2150 Thread added: 0x0000020bc315bd50
Event: 0.142 Thread 0x0000020ba14a2150 Thread added: 0x0000020bc315e810
Event: 0.283 Thread 0x0000020ba14a2150 Thread added: 0x0000020bc32d4e60


Dynamic libraries:
0x00007ff6323b0000 - 0x00007ff6323c0000 	C:\Program Files\Java\jdk-23\bin\javaw.exe
0x00007ff81b020000 - 0x00007ff81b288000 	C:\WINDOWS\SYSTEM32\ntdll.dll
0x00007ff819120000 - 0x00007ff8191e9000 	C:\WINDOWS\System32\KERNEL32.DLL
0x00007ff818740000 - 0x00007ff818b32000 	C:\WINDOWS\System32\KERNELBASE.dll
0x00007ff8181b0000 - 0x00007ff8182fb000 	C:\WINDOWS\System32\ucrtbase.dll
0x00007ff801b60000 - 0x00007ff801b77000 	C:\Program Files\Java\jdk-23\bin\jli.dll
0x00007ff801b80000 - 0x00007ff801b9b000 	C:\Program Files\Java\jdk-23\bin\VCRUNTIME140.dll
0x00007ff81a670000 - 0x00007ff81a835000 	C:\WINDOWS\System32\USER32.dll
0x00007ffffd4e0000 - 0x00007ffffd773000 	C:\WINDOWS\WinSxS\amd64_microsoft.windows.common-controls_6595b64144ccf1df_6.0.26100.6899_none_3e0efeeae32e88c1\COMCTL32.dll
0x00007ff818670000 - 0x00007ff818697000 	C:\WINDOWS\System32\win32u.dll
0x00007ff81ad70000 - 0x00007ff81ad9b000 	C:\WINDOWS\System32\GDI32.dll
0x00007ff818f70000 - 0x00007ff819019000 	C:\WINDOWS\System32\msvcrt.dll
0x00007ff818300000 - 0x00007ff81842d000 	C:\WINDOWS\System32\gdi32full.dll
0x00007ff818d40000 - 0x00007ff818de3000 	C:\WINDOWS\System32\msvcp_win.dll
0x00007ff81ab50000 - 0x00007ff81ab7f000 	C:\WINDOWS\System32\IMM32.DLL
0x00007fffdd600000 - 0x00007fffdd60c000 	C:\Program Files\Java\jdk-23\bin\vcruntime140_1.dll
0x00007fff86610000 - 0x00007fff8669e000 	C:\Program Files\Java\jdk-23\bin\msvcp140.dll
0x00007fff6ff20000 - 0x00007fff70c6f000 	C:\Program Files\Java\jdk-23\bin\server\jvm.dll
0x00007ff8196e0000 - 0x00007ff819794000 	C:\WINDOWS\System32\ADVAPI32.dll
0x00007ff819630000 - 0x00007ff8196d6000 	C:\WINDOWS\System32\sechost.dll
0x00007ff81aec0000 - 0x00007ff81afd8000 	C:\WINDOWS\System32\RPCRT4.dll
0x00007ff818e70000 - 0x00007ff818ee4000 	C:\WINDOWS\System32\WS2_32.dll
0x00007ff80f670000 - 0x00007ff80f6a5000 	C:\WINDOWS\SYSTEM32\WINMM.dll
0x00007ff8004d0000 - 0x00007ff8004db000 	C:\WINDOWS\SYSTEM32\VERSION.dll
0x00007ff818010000 - 0x00007ff81806e000 	C:\WINDOWS\SYSTEM32\POWRPROF.dll
0x00007ff817ff0000 - 0x00007ff818004000 	C:\WINDOWS\SYSTEM32\UMPDC.dll
0x00007ff816f80000 - 0x00007ff816f9b000 	C:\WINDOWS\SYSTEM32\kernel.appcore.dll
0x00007ff8151e0000 - 0x00007ff8151ea000 	C:\Program Files\Java\jdk-23\bin\jimage.dll
0x00007ffffd8e0000 - 0x00007ffffdb22000 	C:\WINDOWS\SYSTEM32\DBGHELP.DLL
0x00007ff8191f0000 - 0x00007ff81956b000 	C:\WINDOWS\System32\combase.dll
0x00007ff819980000 - 0x00007ff819a57000 	C:\WINDOWS\System32\OLEAUT32.dll
0x00007ff8119f0000 - 0x00007ff811a2c000 	C:\WINDOWS\SYSTEM32\dbgcore.DLL
0x00007ff8186a0000 - 0x00007ff818738000 	C:\WINDOWS\System32\bcryptPrimitives.dll
0x00007ff8151c0000 - 0x00007ff8151de000 	C:\Program Files\Java\jdk-23\bin\java.dll
0x00007ff81a840000 - 0x00007ff81a9d8000 	C:\WINDOWS\System32\ole32.dll
0x00007ff819a60000 - 0x00007ff81a1ad000 	C:\WINDOWS\System32\SHELL32.dll
0x00007ff818b40000 - 0x00007ff818cab000 	C:\WINDOWS\System32\wintypes.dll
0x00007ff815dd0000 - 0x00007ff81662d000 	C:\WINDOWS\SYSTEM32\windows.storage.dll
0x00007ff819020000 - 0x00007ff819112000 	C:\WINDOWS\System32\SHCORE.dll
0x00007ff819570000 - 0x00007ff8195d2000 	C:\WINDOWS\System32\shlwapi.dll
0x00007ff8180d0000 - 0x00007ff8180f9000 	C:\WINDOWS\SYSTEM32\profapi.dll
0x00007fff92810000 - 0x00007fff928e7000 	C:\Program Files\Java\jdk-23\bin\jsvml.dll
0x00007ff8151b0000 - 0x00007ff8151c0000 	C:\Program Files\Java\jdk-23\bin\net.dll
0x00007ff8174f0000 - 0x00007ff81755b000 	C:\WINDOWS\system32\mswsock.dll
0x00007ff8119d0000 - 0x00007ff8119e6000 	C:\Program Files\Java\jdk-23\bin\nio.dll

dbghelp: loaded successfully - version: 4.0.5 - missing functions: none
symbol engine: initialized successfully - sym options: 0x614 - pdb path: .;C:\Program Files\Java\jdk-23\bin;C:\WINDOWS\SYSTEM32;C:\WINDOWS\WinSxS\amd64_microsoft.windows.common-controls_6595b64144ccf1df_6.0.26100.6899_none_3e0efeeae32e88c1;C:\Program Files\Java\jdk-23\bin\server

VM Arguments:
jvm_args: -Dfile.encoding=UTF-8 -Dstdout.encoding=UTF-8 -Dstderr.encoding=UTF-8 --module-path=D:\wiproTNP\oopsandinheritence\bin -XX:+ShowCodeDetailsInExceptionMessages -Djdk.module.main=oopsandinheritence 
java_command: oopsandinheritence/oopsandinheritence.Palindrome madam
java_class_path (initial): <not set>
Launcher Type: SUN_STANDARD

[Global flags]
     intx CICompilerCount                          = 4                                         {product} {ergonomic}
     uint ConcGCThreads                            = 3                                         {product} {ergonomic}
     uint G1ConcRefinementThreads                  = 10                                        {product} {ergonomic}
   size_t G1HeapRegionSize                         = 2097152                                   {product} {ergonomic}
   size_t InitialHeapSize                          = 264241152                                 {product} {ergonomic}
   size_t MarkStackSize                            = 4194304                                   {product} {ergonomic}
   size_t MarkStackSizeMax                         = 536870912                                 {product} {ergonomic}
   size_t MaxHeapSize                              = 4213178368                                {product} {ergonomic}
   size_t MaxNewSize                               = 2527068160                                {product} {ergonomic}
   size_t MinHeapDeltaBytes                        = 2097152                                   {product} {ergonomic}
   size_t MinHeapSize                              = 8388608                                   {product} {ergonomic}
    uintx NonNMethodCodeHeapSize                   = 5832704                                {pd product} {ergonomic}
    uintx NonProfiledCodeHeapSize                  = 122945536                              {pd product} {ergonomic}
    uintx ProfiledCodeHeapSize                     = 122880000                              {pd product} {ergonomic}
    uintx ReservedCodeCacheSize                    = 251658240                              {pd product} {ergonomic}
     bool SegmentedCodeCache                       = true                                      {product} {ergonomic}
     bool ShowCodeDetailsInExceptionMessages       = true                                   {manageable} {command line}
   size_t SoftMaxHeapSize                          = 4213178368                             {manageable} {ergonomic}
     bool UseCompressedOops                        = true                           {product lp64_product} {ergonomic}
     bool UseG1GC                                  = true                                      {product} {ergonomic}
     bool UseLargePagesIndividualAllocation        = false                                  {pd product} {ergonomic}

Logging:
Log output configuration:
 #0: stdout all=warning uptime,level,tags foldmultilines=false
 #1: stderr all=off uptime,level,tags foldmultilines=false

Environment Variables:
JAVA_HOME=C:\Program Files\Java\jdk-23\bin
PATH=C:/Program Files/Java/jdk-23/bin/server;C:/Program Files/Java/jdk-23/bin;C:\Program Files\Common Files\Oracle\Java\javapath;C:\WINDOWS\system32;C:\WINDOWS;C:\WINDOWS\System32\Wbem;C:\WINDOWS\System32\WindowsPowerShell\v1.0\;C:\WINDOWS\System32\OpenSSH\;C:\Program Files\MySQL\MySQL Server 8.0\bin;C:\Users\manoj\Downloads\mysql-connector-j-9.2.0.zip\mysql-connector-j-9.2.0;C:\Program Files\nodejs;C:\Program Files\MongoDB\Server\8.2\bin;C:\Program Files\dotnet\;C:\Program Files\Git\cmd;C:\Program Files\Java\jdk-23\bin;C:\Users\manoj\AppData\Local\Programs\Python\Python313\Scripts\;C:\Users\manoj\AppData\Local\Programs\Python\Python313\;C:\Users\manoj\AppData\Local\Microsoft\WindowsApps;C:\Users\manoj\AppData\Local\Programs\Microsoft VS Code\bin;C:\Users\manoj\AppData\Roaming\npm;D:\flutter\bin;C:\Program Files\heroku\bin;C:\Users\manoj\OneDrive\Desktop;
USERNAME=manoj
OS=Windows_NT
PROCESSOR_IDENTIFIER=Intel64 Family 6 Model 186 Stepping 3, GenuineIntel
TMP=C:\Users\manoj\AppData\Local\Temp
TEMP=C:\Users\manoj\AppData\Local\Temp




Periodic native trim disabled

---------------  S Y S T E M  ---------------

OS:
 Windows 11 , 64 bit Build 26100 (10.0.26100.6725)
OS uptime: 4 days 2:39 hours
Hyper-V role detected

CPU: total 12 (initial active 12) (6 cores per cpu, 2 threads per core) family 6 model 186 stepping 3 microcode 0x6134, cx8, cmov, fxsr, ht, mmx, 3dnowpref, sse, sse2, sse3, ssse3, sse4.1, sse4.2, popcnt, lzcnt, tsc, tscinvbit, avx, avx2, aes, erms, clmul, bmi1, bmi2, adx, sha, fma, vzeroupper, clflush, clflushopt, clwb, hv, serialize, rdtscp, rdpid, fsrm, gfni, f16c, cet_ibt, cet_ss
Processor Information for the first 12 processors :
  Max Mhz: 1300, Current Mhz: 1300, Mhz Limit: 1300

Memory: 4k page, system-wide physical 16068M (3911M free)
TotalPageFile size 16584M (AvailPageFile size 0M)
current process WorkingSet (physical memory assigned to process): 33M, peak: 33M
current process commit charge ("private bytes"): 334M, peak: 336M

vm_info: Java HotSpot(TM) 64-Bit Server VM (23+37-2369) for windows-amd64 JRE (23+37-2369), built on 2024-08-20T16:01:23Z with MS VC++ 17.6 (VS2022)

END.
